\BOOKMARK [1][-]{section.1}{Introduction}{}% 1
\BOOKMARK [2][-]{subsection.1.1}{Welcome}{section.1}% 2
\BOOKMARK [2][-]{subsection.1.2}{The Mission}{section.1}% 3
\BOOKMARK [2][-]{subsection.1.3}{Motivating Values}{section.1}% 4
\BOOKMARK [2][-]{subsection.1.4}{Setting: The LVD, NIAID, and the NIH}{section.1}% 5
\BOOKMARK [1][-]{section.2}{General Lab Information}{}% 6
\BOOKMARK [2][-]{subsection.2.1}{Contact Information}{section.2}% 7
\BOOKMARK [2][-]{subsection.2.2}{Onboarding Tasks}{section.2}% 8
\BOOKMARK [1][-]{section.3}{Expectations}{}% 9
\BOOKMARK [2][-]{subsection.3.1}{Lab Policies}{section.3}% 10
\BOOKMARK [3][-]{subsubsection.3.1.1}{Working Hours}{subsection.3.1}% 11
\BOOKMARK [3][-]{subsubsection.3.1.2}{Working remotely}{subsection.3.1}% 12
\BOOKMARK [3][-]{subsubsection.3.1.3}{Lab absences}{subsection.3.1}% 13
\BOOKMARK [3][-]{subsubsection.3.1.4}{Vacation}{subsection.3.1}% 14
\BOOKMARK [3][-]{subsubsection.3.1.5}{Language}{subsection.3.1}% 15
\BOOKMARK [3][-]{subsubsection.3.1.6}{Dress code}{subsection.3.1}% 16
\BOOKMARK [3][-]{subsubsection.3.1.7}{Food/drink}{subsection.3.1}% 17
\BOOKMARK [3][-]{subsubsection.3.1.8}{Professionalism}{subsection.3.1}% 18
\BOOKMARK [3][-]{subsubsection.3.1.9}{Discrimination and Harrassment}{subsection.3.1}% 19
\BOOKMARK [3][-]{subsubsection.3.1.10}{Lab maintenance and repairs}{subsection.3.1}% 20
\BOOKMARK [3][-]{subsubsection.3.1.11}{Being a good lab citizen}{subsection.3.1}% 21
\BOOKMARK [3][-]{subsubsection.3.1.12}{Conflict Resolution}{subsection.3.1}% 22
\BOOKMARK [3][-]{subsubsection.3.1.13}{Criticism}{subsection.3.1}% 23
\BOOKMARK [3][-]{subsubsection.3.1.14}{Mistakes}{subsection.3.1}% 24
\BOOKMARK [3][-]{subsubsection.3.1.15}{Safety}{subsection.3.1}% 25
\BOOKMARK [2][-]{subsection.3.2}{Lab Meetings}{section.3}% 26
\BOOKMARK [2][-]{subsection.3.3}{Communication}{section.3}% 27
\BOOKMARK [3][-]{subsubsection.3.3.1}{Slack}{subsection.3.3}% 28
\BOOKMARK [3][-]{subsubsection.3.3.2}{Lab Mailing List}{subsection.3.3}% 29
\BOOKMARK [3][-]{subsubsection.3.3.3}{Google Calendar}{subsection.3.3}% 30
\BOOKMARK [3][-]{subsubsection.3.3.4}{Ordering}{subsection.3.3}% 31
\BOOKMARK [2][-]{subsection.3.4}{Data Management}{section.3}% 32
\BOOKMARK [3][-]{subsubsection.3.4.1}{Data Integrity and Dishonesty}{subsection.3.4}% 33
\BOOKMARK [3][-]{subsubsection.3.4.2}{Lab Notebooks - Benchling}{subsection.3.4}% 34
\BOOKMARK [3][-]{subsubsection.3.4.3}{Computational and Sequencing Data}{subsection.3.4}% 35
\BOOKMARK [3][-]{subsubsection.3.4.4}{Version Control with GitHub}{subsection.3.4}% 36
\BOOKMARK [3][-]{subsubsection.3.4.5}{Pipelines and Computational Workflows}{subsection.3.4}% 37
\BOOKMARK [3][-]{subsubsection.3.4.6}{Computational Resources}{subsection.3.4}% 38
\BOOKMARK [3][-]{subsubsection.3.4.7}{Software}{subsection.3.4}% 39
\BOOKMARK [2][-]{subsection.3.5}{Publishing}{section.3}% 40
\BOOKMARK [3][-]{subsubsection.3.5.1}{Authorship}{subsection.3.5}% 41
\BOOKMARK [3][-]{subsubsection.3.5.2}{Presubmission Approval}{subsection.3.5}% 42
\BOOKMARK [3][-]{subsubsection.3.5.3}{Preprints}{subsection.3.5}% 43
\BOOKMARK [2][-]{subsection.3.6}{Meetings and Trainings}{section.3}% 44
\BOOKMARK [2][-]{subsection.3.7}{Member Roles and Responsibilities}{section.3}% 45
\BOOKMARK [3][-]{subsubsection.3.7.1}{Postdocs and Fellows}{subsection.3.7}% 46
\BOOKMARK [3][-]{subsubsection.3.7.2}{Post-bacs}{subsection.3.7}% 47
\BOOKMARK [3][-]{subsubsection.3.7.3}{Graduate Students}{subsection.3.7}% 48
\BOOKMARK [3][-]{subsubsection.3.7.4}{Lab Technician}{subsection.3.7}% 49
\BOOKMARK [3][-]{subsubsection.3.7.5}{Unit Chief}{subsection.3.7}% 50
